<?xml version="1.0" encoding="UTF-8"?>
<testng-results ignored="0" total="4" passed="4" failed="0" skipped="0">
  <reporter-output>
  </reporter-output>
  <suite started-at="2025-09-09T16:52:48 IST" name="Suite" finished-at="2025-09-09T16:53:08 IST" duration-ms="20004">
    <groups>
      <group name="regression">
        <method signature="LoginTest.verificationOfLoginWithValidUsernameAndPasswordTest()[pri:1, instance:testscript.LoginTest@6a192cfe]" name="verificationOfLoginWithValidUsernameAndPasswordTest" class="testscript.LoginTest"/>
        <method signature="LoginTest.verificationOfLoginWithValidUsernameAndInvalidPasswordTest()[pri:2, instance:testscript.LoginTest@6a192cfe]" name="verificationOfLoginWithValidUsernameAndInvalidPasswordTest" class="testscript.LoginTest"/>
        <method signature="LoginTest.verificationOfLoginWithInvalidUsernameAndValidPasswordTest()[pri:3, instance:testscript.LoginTest@6a192cfe]" name="verificationOfLoginWithInvalidUsernameAndValidPasswordTest" class="testscript.LoginTest"/>
        <method signature="LoginTest.verificationOfLoginWithInvalidUsernameAnddPasswordTest(java.lang.String,java.lang.String)[pri:4, instance:testscript.LoginTest@6a192cfe]" name="verificationOfLoginWithInvalidUsernameAnddPasswordTest" class="testscript.LoginTest"/>
      </group> <!-- regression -->
    </groups>
    <test started-at="2025-09-09T16:52:48 IST" name="Test" finished-at="2025-09-09T16:53:08 IST" duration-ms="20004">
      <class name="testscript.LoginTest">
        <test-method is-config="true" signature="browserInitilization(java.lang.String)[pri:0, instance:testscript.LoginTest@6a192cfe]" started-at="2025-09-09T16:52:48 IST" name="browserInitilization" finished-at="2025-09-09T16:52:51 IST" duration-ms="2933" status="PASS">
          <params>
            <param index="0">
              <value>
                <![CDATA[chrome]]>
              </value>
            </param>
          </params>
          <reporter-output>
          </reporter-output>
        </test-method> <!-- browserInitilization -->
        <test-method signature="verificationOfLoginWithValidUsernameAndPasswordTest()[pri:1, instance:testscript.LoginTest@6a192cfe]" started-at="2025-09-09T16:52:51 IST" name="verificationOfLoginWithValidUsernameAndPasswordTest" finished-at="2025-09-09T16:52:52 IST" duration-ms="1409" status="PASS">
          <reporter-output>
          </reporter-output>
        </test-method> <!-- verificationOfLoginWithValidUsernameAndPasswordTest -->
        <test-method is-config="true" signature="browserQuitAndClose(org.testng.ITestResult)[pri:0, instance:testscript.LoginTest@6a192cfe]" started-at="2025-09-09T16:52:52 IST" name="browserQuitAndClose" finished-at="2025-09-09T16:52:53 IST" duration-ms="315" status="PASS">
          <params>
            <param index="0">
              <value>
                <![CDATA[[TestResult name=verificationOfLoginWithValidUsernameAndPasswordTest status=SUCCESS method=LoginTest.verificationOfLoginWithValidUsernameAndPasswordTest()[pri:1, instance:testscript.LoginTest@6a192cfe] output={null}]]]>
              </value>
            </param>
          </params>
          <reporter-output>
          </reporter-output>
        </test-method> <!-- browserQuitAndClose -->
        <test-method is-config="true" signature="browserInitilization(java.lang.String)[pri:0, instance:testscript.LoginTest@6a192cfe]" started-at="2025-09-09T16:52:53 IST" name="browserInitilization" finished-at="2025-09-09T16:52:58 IST" duration-ms="5817" status="PASS">
          <params>
            <param index="0">
              <value>
                <![CDATA[chrome]]>
              </value>
            </param>
          </params>
          <reporter-output>
          </reporter-output>
        </test-method> <!-- browserInitilization -->
        <test-method signature="verificationOfLoginWithValidUsernameAndInvalidPasswordTest()[pri:2, instance:testscript.LoginTest@6a192cfe]" started-at="2025-09-09T16:52:58 IST" name="verificationOfLoginWithValidUsernameAndInvalidPasswordTest" finished-at="2025-09-09T16:52:59 IST" duration-ms="607" status="PASS">
          <reporter-output>
          </reporter-output>
        </test-method> <!-- verificationOfLoginWithValidUsernameAndInvalidPasswordTest -->
        <test-method is-config="true" signature="browserQuitAndClose(org.testng.ITestResult)[pri:0, instance:testscript.LoginTest@6a192cfe]" started-at="2025-09-09T16:52:59 IST" name="browserQuitAndClose" finished-at="2025-09-09T16:52:59 IST" duration-ms="303" status="PASS">
          <params>
            <param index="0">
              <value>
                <![CDATA[[TestResult name=verificationOfLoginWithValidUsernameAndInvalidPasswordTest status=SUCCESS method=LoginTest.verificationOfLoginWithValidUsernameAndInvalidPasswordTest()[pri:2, instance:testscript.LoginTest@6a192cfe] output={null}]]]>
              </value>
            </param>
          </params>
          <reporter-output>
          </reporter-output>
        </test-method> <!-- browserQuitAndClose -->
        <test-method is-config="true" signature="browserInitilization(java.lang.String)[pri:0, instance:testscript.LoginTest@6a192cfe]" started-at="2025-09-09T16:52:59 IST" name="browserInitilization" finished-at="2025-09-09T16:53:03 IST" duration-ms="3632" status="PASS">
          <params>
            <param index="0">
              <value>
                <![CDATA[chrome]]>
              </value>
            </param>
          </params>
          <reporter-output>
          </reporter-output>
        </test-method> <!-- browserInitilization -->
        <test-method signature="verificationOfLoginWithInvalidUsernameAndValidPasswordTest()[pri:3, instance:testscript.LoginTest@6a192cfe]" started-at="2025-09-09T16:53:03 IST" name="verificationOfLoginWithInvalidUsernameAndValidPasswordTest" finished-at="2025-09-09T16:53:04 IST" duration-ms="556" status="PASS">
          <reporter-output>
          </reporter-output>
        </test-method> <!-- verificationOfLoginWithInvalidUsernameAndValidPasswordTest -->
        <test-method is-config="true" signature="browserQuitAndClose(org.testng.ITestResult)[pri:0, instance:testscript.LoginTest@6a192cfe]" started-at="2025-09-09T16:53:04 IST" name="browserQuitAndClose" finished-at="2025-09-09T16:53:04 IST" duration-ms="325" status="PASS">
          <params>
            <param index="0">
              <value>
                <![CDATA[[TestResult name=verificationOfLoginWithInvalidUsernameAndValidPasswordTest status=SUCCESS method=LoginTest.verificationOfLoginWithInvalidUsernameAndValidPasswordTest()[pri:3, instance:testscript.LoginTest@6a192cfe] output={null}]]]>
              </value>
            </param>
          </params>
          <reporter-output>
          </reporter-output>
        </test-method> <!-- browserQuitAndClose -->
        <test-method is-config="true" signature="browserInitilization(java.lang.String)[pri:0, instance:testscript.LoginTest@6a192cfe]" started-at="2025-09-09T16:53:04 IST" name="browserInitilization" finished-at="2025-09-09T16:53:07 IST" duration-ms="3093" status="PASS">
          <params>
            <param index="0">
              <value>
                <![CDATA[chrome]]>
              </value>
            </param>
          </params>
          <reporter-output>
          </reporter-output>
        </test-method> <!-- browserInitilization -->
        <test-method signature="verificationOfLoginWithInvalidUsernameAnddPasswordTest(java.lang.String,java.lang.String)[pri:4, instance:testscript.LoginTest@6a192cfe]" started-at="2025-09-09T16:53:07 IST" name="verificationOfLoginWithInvalidUsernameAnddPasswordTest" data-provider="LoginProvider" finished-at="2025-09-09T16:53:08 IST" duration-ms="592" status="PASS">
          <params>
            <param index="0">
              <value>
                <![CDATA[invalid]]>
              </value>
            </param>
            <param index="1">
              <value>
                <![CDATA[invalid]]>
              </value>
            </param>
          </params>
          <reporter-output>
          </reporter-output>
        </test-method> <!-- verificationOfLoginWithInvalidUsernameAnddPasswordTest -->
        <test-method is-config="true" signature="browserQuitAndClose(org.testng.ITestResult)[pri:0, instance:testscript.LoginTest@6a192cfe]" started-at="2025-09-09T16:53:08 IST" name="browserQuitAndClose" finished-at="2025-09-09T16:53:08 IST" duration-ms="284" status="PASS">
          <params>
            <param index="0">
              <value>
                <![CDATA[[TestResult name=verificationOfLoginWithInvalidUsernameAnddPasswordTest status=SUCCESS method=LoginTest.verificationOfLoginWithInvalidUsernameAnddPasswordTest(java.lang.String,java.lang.String)[pri:4, instance:testscript.LoginTest@6a192cfe] output={null}]]]>
              </value>
            </param>
          </params>
          <reporter-output>
          </reporter-output>
        </test-method> <!-- browserQuitAndClose -->
      </class> <!-- testscript.LoginTest -->
    </test> <!-- Test -->
  </suite> <!-- Suite -->
</testng-results>
