<?xml version="1.0" encoding="UTF-8"?>
<!-- Generated by org.testng.reporters.JUnitXMLReporter -->
<testsuite ignored="0" hostname="LAPTOP-MQ4QQBGA" failures="0" tests="4" name="Test" time="20.004" errors="0" timestamp="2025-09-09T16:53:08 IST">
  <testcase classname="testscript.LoginTest" name="verificationOfLoginWithValidUsernameAndPasswordTest" time="1.409"/>
  <testcase classname="testscript.LoginTest" name="verificationOfLoginWithValidUsernameAndInvalidPasswordTest" time="0.607"/>
  <testcase classname="testscript.LoginTest" name="verificationOfLoginWithInvalidUsernameAndValidPasswordTest" time="0.556"/>
  <testcase classname="testscript.LoginTest" name="verificationOfLoginWithInvalidUsernameAnddPasswordTest" time="0.592"/>
</testsuite> <!-- Test -->
