<?xml version="1.0" encoding="UTF-8"?>
<!-- Generated by org.testng.reporters.JUnitXMLReporter -->
<testsuite ignored="0" hostname="LAPTOP-MQ4QQBGA" failures="0" tests="4" name="Test" time="25.545" errors="0" timestamp="2025-09-09T16:26:36 IST">
  <testcase classname="testscript.LoginTest" name="verificationOfLoginWithValidUsernameAndPasswordTest" time="1.941"/>
  <testcase classname="testscript.LoginTest" name="verificationOfLoginWithValidUsernameAndInvalidPasswordTest" time="0.639"/>
  <testcase classname="testscript.LoginTest" name="verificationOfLoginWithInvalidUsernameAndValidPasswordTest" time="0.619"/>
  <testcase classname="testscript.LoginTest" name="verificationOfLoginWithInvalidUsernameAnddPasswordTest" time="0.646"/>
</testsuite> <!-- Test -->
